Tue Oct 16 2018 18:45:01 GMT-0400 (EDT)
"do the knowledge" god
"120 lessons"
"nation of gods and earths"
"Jay Electronica"
"the black man is god"
"supreme mathematics" nation
"knowledge wisdom and understanding"
"supreme alphabet" 5%
"five percent nation"
"peace to the gods"
"allah school in mecca"
"allah school in medina"
"supreme 120 lessons"
"supreme mathematics" 5%
"today's mathematics" supreme
"supreme alphabet" nation
"today's math" supreme
"the older gods put me on"
"the sun don't chill Allah"
"the black woman is god"
