Fri Jul 20 2018 20:18:27 GMT-0400 (EDT) >> retweeted based on search query: "supreme mathematics" nation >> RT @ScientificI: Peace to Allah's Five Percent Nation how do you See Today's Supreme Mathematics which is Knowledge Build Or Destroy which…
Fri Jul 20 2018 20:18:28 GMT-0400 (EDT) >> retweeted based on search query: "120 lessons" >> I added a video to a @YouTube playlist https://t.co/w9vqPYDx9s 120 LESSONS AND THE 360 DEGREES OF THE 5% Nation
Fri Jul 20 2018 20:18:29 GMT-0400 (EDT) >> retweeted based on search query: "knowledge wisdom and understanding" >> RT @greazygreg: My entire life is a pursuit of knowledge, wisdom and understanding.
Fri Jul 20 2018 20:18:30 GMT-0400 (EDT) >> retweeted based on search query: "today's mathematics" supreme >> Today's Mathematics is YOU Blackman! The Black man who has Knowledge of Himself and ALL things around Him. The Supr… https://t.co/OUkMfim0kx
Fri Jul 20 2018 20:18:30 GMT-0400 (EDT) >> retweeted based on search query: "today's math" supreme >> Today's Supreme Mathematics is Knowledge Wisdom which Bribgs forth Understanding!!
Keep it Simple teach it what? RE… https://t.co/aoyk0t6Mao
Fri Jul 20 2018 20:18:31 GMT-0400 (EDT) >> retweeted based on search query: "the older gods put me on" >> RT @XPtheMARXMAN: @HusKingpin @Alchemist @Evidence @BIGTWINSQB @MeyhemLauren salute ...the older gods put me on.. on how to rock this!! htt…
Fri Jul 20 2018 20:18:32 GMT-0400 (EDT) >> retweeted based on search query: "supreme mathematics" 5% >> RT @ScientificI: Peace to my Universal family!? Today's Supreme Mathematics is Knowledge EQUALITY which brings forth Allah/God!! Today's De…
Fri Jul 20 2018 20:18:34 GMT-0400 (EDT) >> retweeted based on search query: "nation of gods and earths" >> Peace to the God Dasun aka DX21, a pillar of the 5% Nation of Gods and Earths and a vital creator in the Hip Hop Wr… https://t.co/rxdevEvV4q
Fri Jul 20 2018 20:18:35 GMT-0400 (EDT) >> retweeted based on search query: "peace to the gods" >> RT @ToriNicksWho: Peace to the Gods. Be sure to listen more than you speak these days.
Fri Jul 20 2018 20:21:22 GMT-0400 (EDT) >> retweeted based on search query: "today's mathematics" supreme >> Today's Mathematics is YOU Blackman! The Black man who has Knowledge of Himself and ALL things around Him. The Supr… https://t.co/OUkMfim0kx
Fri Jul 20 2018 20:21:23 GMT-0400 (EDT) >> retweeted based on search query: "the older gods put me on" >> RT @XPtheMARXMAN: @HusKingpin @Alchemist @Evidence @BIGTWINSQB @MeyhemLauren salute ...the older gods put me on.. on how to rock this!! htt…
Fri Jul 20 2018 20:21:24 GMT-0400 (EDT) >> retweeted based on search query: "supreme mathematics" 5% >> RT @ScientificI: Peace to my Universal family!? Today's Supreme Mathematics is Knowledge EQUALITY which brings forth Allah/God!! Today's De…
Fri Jul 20 2018 20:21:25 GMT-0400 (EDT) >> retweeted based on search query: "today's math" supreme >> Today's Supreme Mathematics is Knowledge Wisdom which Bribgs forth Understanding!!
Keep it Simple teach it what? RE… https://t.co/aoyk0t6Mao
Fri Jul 20 2018 20:21:27 GMT-0400 (EDT) >> retweeted based on search query: "nation of gods and earths" >> Peace to the God Dasun aka DX21, a pillar of the 5% Nation of Gods and Earths and a vital creator in the Hip Hop Wr… https://t.co/rxdevEvV4q
Fri Jul 20 2018 20:21:28 GMT-0400 (EDT) >> retweeted based on search query: "peace to the gods" >> RT @ToriNicksWho: Peace to the Gods. Be sure to listen more than you speak these days.
Fri Jul 20 2018 20:21:29 GMT-0400 (EDT) >> retweeted based on search query: "supreme mathematics" nation >> RT @ScientificI: Peace to Allah's Five Percent Nation how do you See Today's Supreme Mathematics which is Knowledge Build Or Destroy which…
Fri Jul 20 2018 20:21:30 GMT-0400 (EDT) >> retweeted based on search query: "knowledge wisdom and understanding" >> RT @greazygreg: My entire life is a pursuit of knowledge, wisdom and understanding.
Fri Jul 20 2018 20:21:31 GMT-0400 (EDT) >> retweeted based on search query: "120 lessons" >> RT @jbrr123: I added a video to a @YouTube playlist https://t.co/w9vqPYDx9s 120 LESSONS AND THE 360 DEGREES OF THE 5% Nation
